# JRE version: Java(TM) SE Runtime Environment (8.0_121-b13) (build 1.8.0_121-b13)
# Java VM: Java HotSpot(TM) 64-Bit Server VM (25.121-b13 mixed mode windows-amd64 compressed oops)
Heap:
 PSYoungGen      total 61952K, used 46698K [0x000000076ae00000, 0x0000000770600000, 0x00000007c0000000)
  eden space 59392K, 74% used [0x000000076ae00000,0x000000076d97aa50,0x000000076e800000)
  from space 2560K, 85% used [0x000000076e900000,0x000000076eb20000,0x000000076eb80000)
  to   space 15360K, 0% used [0x000000076f700000,0x000000076f700000,0x0000000770600000)
 ParOldGen       total 79360K, used 10243K [0x00000006c0a00000, 0x00000006c5780000, 0x000000076ae00000)
  object space 79360K, 12% used [0x00000006c0a00000,0x00000006c1400e50,0x00000006c5780000)
 Metaspace       used 23449K, capacity 24634K, committed 24832K, reserved 1071104K
  class space    used 3191K, capacity 3466K, committed 3584K, reserved 1048576K
GC Heap History (10 events):
Event: 23.528 GC heap before
{Heap before GC invocations=6 (full 1):
 PSYoungGen      total 76288K, used 65920K [0x000000076ae00000, 0x0000000770300000, 0x00000007c0000000)
  eden space 65536K, 100% used [0x000000076ae00000,0x000000076ee00000,0x000000076ee00000)
  from space 10752K, 3% used [0x000000076f880000,0x000000076f8e0000,0x0000000770300000)
  to   space 10752K, 0% used [0x000000076ee00000,0x000000076ee00000,0x000000076f880000)
 ParOldGen       total 79360K, used 10219K [0x00000006c0a00000, 0x00000006c5780000, 0x000000076ae00000)
  object space 79360K, 12% used [0x00000006c0a00000,0x00000006c13fae50,0x00000006c5780000)
 Metaspace       used 22136K, capacity 23276K, committed 23420K, reserved 1069056K
  class space    used 2992K, capacity 3261K, committed 3328K, reserved 1048576K
Event: 23.531 GC heap after
Heap after GC invocations=6 (full 1):
 PSYoungGen      total 74752K, used 2080K [0x000000076ae00000, 0x0000000770e80000, 0x00000007c0000000)
  eden space 64000K, 0% used [0x000000076ae00000,0x000000076ae00000,0x000000076ec80000)
  from space 10752K, 19% used [0x000000076ee00000,0x000000076f008000,0x000000076f880000)
  to   space 17408K, 0% used [0x000000076fd80000,0x000000076fd80000,0x0000000770e80000)
 ParOldGen       total 79360K, used 10227K [0x00000006c0a00000, 0x00000006c5780000, 0x000000076ae00000)
  object space 79360K, 12% used [0x00000006c0a00000,0x00000006c13fce50,0x00000006c5780000)
 Metaspace       used 22136K, capacity 23276K, committed 23420K, reserved 1069056K
  class space    used 2992K, capacity 3261K, committed 3328K, reserved 1048576K
}
Event: 29.601 GC heap before
{Heap before GC invocations=7 (full 1):
 PSYoungGen      total 74752K, used 66080K [0x000000076ae00000, 0x0000000770e80000, 0x00000007c0000000)
  eden space 64000K, 100% used [0x000000076ae00000,0x000000076ec80000,0x000000076ec80000)
  from space 10752K, 19% used [0x000000076ee00000,0x000000076f008000,0x000000076f880000)
  to   space 17408K, 0% used [0x000000076fd80000,0x000000076fd80000,0x0000000770e80000)
 ParOldGen       total 79360K, used 10227K [0x00000006c0a00000, 0x00000006c5780000, 0x000000076ae00000)
  object space 79360K, 12% used [0x00000006c0a00000,0x00000006c13fce50,0x00000006c5780000)
 Metaspace       used 22373K, capacity 23546K, committed 23676K, reserved 1069056K
  class space    used 2997K, capacity 3264K, committed 3328K, reserved 1048576K
Event: 29.604 GC heap after
Heap after GC invocations=7 (full 1):
 PSYoungGen      total 77312K, used 2484K [0x000000076ae00000, 0x0000000770c00000, 0x00000007c0000000)
  eden space 62464K, 0% used [0x000000076ae00000,0x000000076ae00000,0x000000076eb00000)
  from space 14848K, 16% used [0x000000076fd80000,0x000000076ffed2d8,0x0000000770c00000)
  to   space 16896K, 0% used [0x000000076eb00000,0x000000076eb00000,0x000000076fb80000)
 ParOldGen       total 79360K, used 10227K [0x00000006c0a00000, 0x00000006c5780000, 0x000000076ae00000)
  object space 79360K, 12% used [0x00000006c0a00000,0x00000006c13fce50,0x00000006c5780000)
 Metaspace       used 22373K, capacity 23546K, committed 23676K, reserved 1069056K
  class space    used 2997K, capacity 3264K, committed 3328K, reserved 1048576K
}
Event: 35.892 GC heap before
{Heap before GC invocations=8 (full 1):
 PSYoungGen      total 77312K, used 64948K [0x000000076ae00000, 0x0000000770c00000, 0x00000007c0000000)
  eden space 62464K, 100% used [0x000000076ae00000,0x000000076eb00000,0x000000076eb00000)
  from space 14848K, 16% used [0x000000076fd80000,0x000000076ffed2d8,0x0000000770c00000)
  to   space 16896K, 0% used [0x000000076eb00000,0x000000076eb00000,0x000000076fb80000)
 ParOldGen       total 79360K, used 10227K [0x00000006c0a00000, 0x00000006c5780000, 0x000000076ae00000)
  object space 79360K, 12% used [0x00000006c0a00000,0x00000006c13fce50,0x00000006c5780000)
 Metaspace       used 22425K, capacity 23550K, committed 23676K, reserved 1069056K
  class space    used 2998K, capacity 3264K, committed 3328K, reserved 1048576K
Event: 35.895 GC heap after
Heap after GC invocations=8 (full 1):
 PSYoungGen      total 64000K, used 2464K [0x000000076ae00000, 0x0000000770a00000, 0x00000007c0000000)
  eden space 61440K, 0% used [0x000000076ae00000,0x000000076ae00000,0x000000076ea00000)
  from space 2560K, 96% used [0x000000076eb00000,0x000000076ed68020,0x000000076ed80000)
  to   space 16384K, 0% used [0x000000076fa00000,0x000000076fa00000,0x0000000770a00000)
 ParOldGen       total 79360K, used 10235K [0x00000006c0a00000, 0x00000006c5780000, 0x000000076ae00000)
  object space 79360K, 12% used [0x00000006c0a00000,0x00000006c13fee50,0x00000006c5780000)
 Metaspace       used 22425K, capacity 23550K, committed 23676K, reserved 1069056K
  class space    used 2998K, capacity 3264K, committed 3328K, reserved 1048576K
}
Event: 41.614 GC heap before
{Heap before GC invocations=9 (full 1):
 PSYoungGen      total 64000K, used 63904K [0x000000076ae00000, 0x0000000770a00000, 0x00000007c0000000)
  eden space 61440K, 100% used [0x000000076ae00000,0x000000076ea00000,0x000000076ea00000)
  from space 2560K, 96% used [0x000000076eb00000,0x000000076ed68020,0x000000076ed80000)
  to   space 16384K, 0% used [0x000000076fa00000,0x000000076fa00000,0x0000000770a00000)
 ParOldGen       total 79360K, used 10235K [0x00000006c0a00000, 0x00000006c5780000, 0x000000076ae00000)
  object space 79360K, 12% used [0x00000006c0a00000,0x00000006c13fee50,0x00000006c5780000)
 Metaspace       used 22482K, capacity 23686K, committed 23808K, reserved 1069056K
  class space    used 2998K, capacity 3264K, committed 3328K, reserved 1048576K
Event: 41.617 GC heap after
Heap after GC invocations=9 (full 1):
 PSYoungGen      total 74752K, used 2208K [0x000000076ae00000, 0x0000000770800000, 0x00000007c0000000)
  eden space 60416K, 0% used [0x000000076ae00000,0x000000076ae00000,0x000000076e900000)
  from space 14336K, 15% used [0x000000076fa00000,0x000000076fc28000,0x0000000770800000)
  to   space 15872K, 0% used [0x000000076e900000,0x000000076e900000,0x000000076f880000)
 ParOldGen       total 79360K, used 10243K [0x00000006c0a00000, 0x00000006c5780000, 0x000000076ae00000)
  object space 79360K, 12% used [0x00000006c0a00000,0x00000006c1400e50,0x00000006c5780000)
 Metaspace       used 22482K, capacity 23686K, committed 23808K, reserved 1069056K
  class space    used 2998K, capacity 3264K, committed 3328K, reserved 1048576K
}
Event: 47.470 GC heap before
{Heap before GC invocations=10 (full 1):
 PSYoungGen      total 74752K, used 62624K [0x000000076ae00000, 0x0000000770800000, 0x00000007c0000000)
  eden space 60416K, 100% used [0x000000076ae00000,0x000000076e900000,0x000000076e900000)
  from space 14336K, 15% used [0x000000076fa00000,0x000000076fc28000,0x0000000770800000)
  to   space 15872K, 0% used [0x000000076e900000,0x000000076e900000,0x000000076f880000)
 ParOldGen       total 79360K, used 10243K [0x00000006c0a00000, 0x00000006c5780000, 0x000000076ae00000)
  object space 79360K, 12% used [0x00000006c0a00000,0x00000006c1400e50,0x00000006c5780000)
 Metaspace       used 22482K, capacity 23686K, committed 23808K, reserved 1069056K
  class space    used 2998K, capacity 3264K, committed 3328K, reserved 1048576K
Event: 47.473 GC heap after
Heap after GC invocations=10 (full 1):
 PSYoungGen      total 61952K, used 2176K [0x000000076ae00000, 0x0000000770600000, 0x00000007c0000000)
  eden space 59392K, 0% used [0x000000076ae00000,0x000000076ae00000,0x000000076e800000)
  from space 2560K, 85% used [0x000000076e900000,0x000000076eb20000,0x000000076eb80000)
  to   space 15360K, 0% used [0x000000076f700000,0x000000076f700000,0x0000000770600000)
 ParOldGen       total 79360K, used 10243K [0x00000006c0a00000, 0x00000006c5780000, 0x000000076ae00000)
  object space 79360K, 12% used [0x00000006c0a00000,0x00000006c1400e50,0x00000006c5780000)
 Metaspace       used 22482K, capacity 23686K, committed 23808K, reserved 1069056K
  class space    used 2998K, capacity 3264K, committed 3328K, reserved 1048576K
}

